2018/05/18 12:10:23 [error] [exception.CDbException] CDbException: CDbConnection failed to open the DB connection: SQLSTATE[HY000] [1698] Access denied for user 'root'@'localhost' in /var/www/html/yii/framework/db/CDbConnection.php:399
Stack trace:
#0 /var/www/html/yii/framework/db/CDbConnection.php(347): CDbConnection->open()
#1 /var/www/html/yii/framework/db/CDbConnection.php(325): CDbConnection->setActive(true)
#2 /var/www/html/yii/framework/base/CModule.php(394): CDbConnection->init()
#3 /var/www/html/yii/framework/base/CApplication.php(459): CModule->getComponent('db')
#4 /var/www/html/yii/framework/db/ar/CActiveRecord.php(639): CApplication->getDb()
#5 /var/www/html/yii/framework/db/ar/CActiveRecord.php(672): CActiveRecord->getDbConnection()
#6 /var/www/html/yii/framework/db/ar/CActiveRecord.php(1604): CActiveRecord->getCommandBuilder()
#7 /var/www/html/yii/framework/web/CActiveDataProvider.php(228): CActiveRecord->count(Object(CDbCriteria))
#8 /var/www/html/yii/framework/web/CDataProvider.php(224): CActiveDataProvider->calculateTotalItemCount()
#9 /var/www/html/yii/framework/web/CActiveDataProvider.php(178): CDataProvider->getTotalItemCount()
#10 /var/www/html/yii/framework/web/CDataProvider.php(168): CActiveDataProvider->fetchData()
#11 /var/www/html/yii/framework/zii/widgets/CBaseListView.php(125): CDataProvider->getData()
#12 /var/www/html/yii/framework/zii/widgets/CListView.php(211): CBaseListView->init()
#13 /var/www/html/yii/framework/web/CBaseController.php(147): CListView->init()
#14 /var/www/html/yii/framework/web/CBaseController.php(181): CBaseController->createWidget('zii.widgets.CLi...', Array)
#15 /var/www/html/blog/protected/views/post/index.php(16): CBaseController->widget('zii.widgets.CLi...', Array)
#16 /var/www/html/yii/framework/web/CBaseController.php(126): require('/var/www/html/b...')
#17 /var/www/html/yii/framework/web/CBaseController.php(95): CBaseController->renderInternal('/var/www/html/b...', Array, true)
#18 /var/www/html/yii/framework/web/CController.php(872): CBaseController->renderFile('/var/www/html/b...', Array, true)
#19 /var/www/html/yii/framework/web/CController.php(785): CController->renderPartial('index', Array, true)
#20 /var/www/html/blog/protected/controllers/PostController.php(134): CController->render('index', Array)
#21 /var/www/html/yii/framework/web/actions/CInlineAction.php(49): PostController->actionIndex()
#22 /var/www/html/yii/framework/web/CController.php(308): CInlineAction->runWithParams(Array)
#23 /var/www/html/yii/framework/web/filters/CFilterChain.php(134): CController->runAction(Object(CInlineAction))
#24 /var/www/html/yii/framework/web/filters/CFilter.php(40): CFilterChain->run()
#25 /var/www/html/yii/framework/web/CController.php(1148): CFilter->filter(Object(CFilterChain))
#26 /var/www/html/yii/framework/web/filters/CInlineFilter.php(58): CController->filterAccessControl(Object(CFilterChain))
#27 /var/www/html/yii/framework/web/filters/CFilterChain.php(131): CInlineFilter->filter(Object(CFilterChain))
#28 /var/www/html/yii/framework/web/CController.php(291): CFilterChain->run()
#29 /var/www/html/yii/framework/web/CController.php(265): CController->runActionWithFilters(Object(CInlineAction), Array)
#30 /var/www/html/yii/framework/web/CWebApplication.php(282): CController->run('')
#31 /var/www/html/yii/framework/web/CWebApplication.php(141): CWebApplication->runController('post')
#32 /var/www/html/yii/framework/base/CApplication.php(185): CWebApplication->processRequest()
#33 /var/www/html/blog/index.php(13): CApplication->run()
#34 {main}
REQUEST_URI=/blog/index.php?r=post
---
2018/05/18 12:13:30 [error] [exception.CDbException] CDbException: CDbConnection failed to open the DB connection: SQLSTATE[HY000] [1698] Access denied for user 'root'@'localhost' in /var/www/html/yii/framework/db/CDbConnection.php:399
Stack trace:
#0 /var/www/html/yii/framework/db/CDbConnection.php(347): CDbConnection->open()
#1 /var/www/html/yii/framework/db/CDbConnection.php(325): CDbConnection->setActive(true)
#2 /var/www/html/yii/framework/base/CModule.php(394): CDbConnection->init()
#3 /var/www/html/yii/framework/base/CApplication.php(459): CModule->getComponent('db')
#4 /var/www/html/yii/framework/db/ar/CActiveRecord.php(639): CApplication->getDb()
#5 /var/www/html/yii/framework/db/ar/CActiveRecord.php(672): CActiveRecord->getDbConnection()
#6 /var/www/html/yii/framework/db/ar/CActiveRecord.php(1604): CActiveRecord->getCommandBuilder()
#7 /var/www/html/yii/framework/web/CActiveDataProvider.php(228): CActiveRecord->count(Object(CDbCriteria))
#8 /var/www/html/yii/framework/web/CDataProvider.php(224): CActiveDataProvider->calculateTotalItemCount()
#9 /var/www/html/yii/framework/web/CActiveDataProvider.php(178): CDataProvider->getTotalItemCount()
#10 /var/www/html/yii/framework/web/CDataProvider.php(168): CActiveDataProvider->fetchData()
#11 /var/www/html/yii/framework/zii/widgets/CBaseListView.php(125): CDataProvider->getData()
#12 /var/www/html/yii/framework/zii/widgets/CListView.php(211): CBaseListView->init()
#13 /var/www/html/yii/framework/web/CBaseController.php(147): CListView->init()
#14 /var/www/html/yii/framework/web/CBaseController.php(181): CBaseController->createWidget('zii.widgets.CLi...', Array)
#15 /var/www/html/blog/protected/views/post/index.php(16): CBaseController->widget('zii.widgets.CLi...', Array)
#16 /var/www/html/yii/framework/web/CBaseController.php(126): require('/var/www/html/b...')
#17 /var/www/html/yii/framework/web/CBaseController.php(95): CBaseController->renderInternal('/var/www/html/b...', Array, true)
#18 /var/www/html/yii/framework/web/CController.php(872): CBaseController->renderFile('/var/www/html/b...', Array, true)
#19 /var/www/html/yii/framework/web/CController.php(785): CController->renderPartial('index', Array, true)
#20 /var/www/html/blog/protected/controllers/PostController.php(134): CController->render('index', Array)
#21 /var/www/html/yii/framework/web/actions/CInlineAction.php(49): PostController->actionIndex()
#22 /var/www/html/yii/framework/web/CController.php(308): CInlineAction->runWithParams(Array)
#23 /var/www/html/yii/framework/web/filters/CFilterChain.php(134): CController->runAction(Object(CInlineAction))
#24 /var/www/html/yii/framework/web/filters/CFilter.php(40): CFilterChain->run()
#25 /var/www/html/yii/framework/web/CController.php(1148): CFilter->filter(Object(CFilterChain))
#26 /var/www/html/yii/framework/web/filters/CInlineFilter.php(58): CController->filterAccessControl(Object(CFilterChain))
#27 /var/www/html/yii/framework/web/filters/CFilterChain.php(131): CInlineFilter->filter(Object(CFilterChain))
#28 /var/www/html/yii/framework/web/CController.php(291): CFilterChain->run()
#29 /var/www/html/yii/framework/web/CController.php(265): CController->runActionWithFilters(Object(CInlineAction), Array)
#30 /var/www/html/yii/framework/web/CWebApplication.php(282): CController->run('')
#31 /var/www/html/yii/framework/web/CWebApplication.php(141): CWebApplication->runController('post')
#32 /var/www/html/yii/framework/base/CApplication.php(185): CWebApplication->processRequest()
#33 /var/www/html/blog/index.php(13): CApplication->run()
#34 {main}
REQUEST_URI=/blog/index.php?r=post
---
2018/05/18 12:13:35 [error] [exception.CDbException] CDbException: CDbConnection failed to open the DB connection: SQLSTATE[HY000] [1698] Access denied for user 'root'@'localhost' in /var/www/html/yii/framework/db/CDbConnection.php:399
Stack trace:
#0 /var/www/html/yii/framework/db/CDbConnection.php(347): CDbConnection->open()
#1 /var/www/html/yii/framework/db/CDbConnection.php(325): CDbConnection->setActive(true)
#2 /var/www/html/yii/framework/base/CModule.php(394): CDbConnection->init()
#3 /var/www/html/yii/framework/base/CApplication.php(459): CModule->getComponent('db')
#4 /var/www/html/yii/framework/db/ar/CActiveRecord.php(639): CApplication->getDb()
#5 /var/www/html/yii/framework/db/ar/CActiveRecord.php(672): CActiveRecord->getDbConnection()
#6 /var/www/html/yii/framework/db/ar/CActiveRecord.php(1604): CActiveRecord->getCommandBuilder()
#7 /var/www/html/yii/framework/web/CActiveDataProvider.php(228): CActiveRecord->count(Object(CDbCriteria))
#8 /var/www/html/yii/framework/web/CDataProvider.php(224): CActiveDataProvider->calculateTotalItemCount()
#9 /var/www/html/yii/framework/web/CActiveDataProvider.php(178): CDataProvider->getTotalItemCount()
#10 /var/www/html/yii/framework/web/CDataProvider.php(168): CActiveDataProvider->fetchData()
#11 /var/www/html/yii/framework/zii/widgets/CBaseListView.php(125): CDataProvider->getData()
#12 /var/www/html/yii/framework/zii/widgets/CListView.php(211): CBaseListView->init()
#13 /var/www/html/yii/framework/web/CBaseController.php(147): CListView->init()
#14 /var/www/html/yii/framework/web/CBaseController.php(181): CBaseController->createWidget('zii.widgets.CLi...', Array)
#15 /var/www/html/blog/protected/views/comment/index.php(16): CBaseController->widget('zii.widgets.CLi...', Array)
#16 /var/www/html/yii/framework/web/CBaseController.php(126): require('/var/www/html/b...')
#17 /var/www/html/yii/framework/web/CBaseController.php(95): CBaseController->renderInternal('/var/www/html/b...', Array, true)
#18 /var/www/html/yii/framework/web/CController.php(872): CBaseController->renderFile('/var/www/html/b...', Array, true)
#19 /var/www/html/yii/framework/web/CController.php(785): CController->renderPartial('index', Array, true)
#20 /var/www/html/blog/protected/controllers/CommentController.php(134): CController->render('index', Array)
#21 /var/www/html/yii/framework/web/actions/CInlineAction.php(49): CommentController->actionIndex()
#22 /var/www/html/yii/framework/web/CController.php(308): CInlineAction->runWithParams(Array)
#23 /var/www/html/yii/framework/web/filters/CFilterChain.php(134): CController->runAction(Object(CInlineAction))
#24 /var/www/html/yii/framework/web/filters/CFilter.php(40): CFilterChain->run()
#25 /var/www/html/yii/framework/web/CController.php(1148): CFilter->filter(Object(CFilterChain))
#26 /var/www/html/yii/framework/web/filters/CInlineFilter.php(58): CController->filterAccessControl(Object(CFilterChain))
#27 /var/www/html/yii/framework/web/filters/CFilterChain.php(131): CInlineFilter->filter(Object(CFilterChain))
#28 /var/www/html/yii/framework/web/CController.php(291): CFilterChain->run()
#29 /var/www/html/yii/framework/web/CController.php(265): CController->runActionWithFilters(Object(CInlineAction), Array)
#30 /var/www/html/yii/framework/web/CWebApplication.php(282): CController->run('')
#31 /var/www/html/yii/framework/web/CWebApplication.php(141): CWebApplication->runController('comment')
#32 /var/www/html/yii/framework/base/CApplication.php(185): CWebApplication->processRequest()
#33 /var/www/html/blog/index.php(13): CApplication->run()
#34 {main}
REQUEST_URI=/blog/index.php?r=comment
---
2018/05/18 12:14:41 [error] [exception.CDbException] CDbException: CDbConnection failed to open the DB connection: SQLSTATE[HY000] [1045] Access denied for user 'root'@'localhost' (using password: NO) in /var/www/html/yii/framework/db/CDbConnection.php:399
Stack trace:
#0 /var/www/html/yii/framework/db/CDbConnection.php(347): CDbConnection->open()
#1 /var/www/html/yii/framework/db/CDbConnection.php(325): CDbConnection->setActive(true)
#2 /var/www/html/yii/framework/base/CModule.php(394): CDbConnection->init()
#3 /var/www/html/yii/framework/base/CApplication.php(459): CModule->getComponent('db')
#4 /var/www/html/yii/framework/db/ar/CActiveRecord.php(639): CApplication->getDb()
#5 /var/www/html/yii/framework/db/ar/CActiveRecord.php(672): CActiveRecord->getDbConnection()
#6 /var/www/html/yii/framework/db/ar/CActiveRecord.php(1604): CActiveRecord->getCommandBuilder()
#7 /var/www/html/yii/framework/web/CActiveDataProvider.php(228): CActiveRecord->count(Object(CDbCriteria))
#8 /var/www/html/yii/framework/web/CDataProvider.php(224): CActiveDataProvider->calculateTotalItemCount()
#9 /var/www/html/yii/framework/web/CActiveDataProvider.php(178): CDataProvider->getTotalItemCount()
#10 /var/www/html/yii/framework/web/CDataProvider.php(168): CActiveDataProvider->fetchData()
#11 /var/www/html/yii/framework/zii/widgets/CBaseListView.php(125): CDataProvider->getData()
#12 /var/www/html/yii/framework/zii/widgets/CListView.php(211): CBaseListView->init()
#13 /var/www/html/yii/framework/web/CBaseController.php(147): CListView->init()
#14 /var/www/html/yii/framework/web/CBaseController.php(181): CBaseController->createWidget('zii.widgets.CLi...', Array)
#15 /var/www/html/blog/protected/views/comment/index.php(16): CBaseController->widget('zii.widgets.CLi...', Array)
#16 /var/www/html/yii/framework/web/CBaseController.php(126): require('/var/www/html/b...')
#17 /var/www/html/yii/framework/web/CBaseController.php(95): CBaseController->renderInternal('/var/www/html/b...', Array, true)
#18 /var/www/html/yii/framework/web/CController.php(872): CBaseController->renderFile('/var/www/html/b...', Array, true)
#19 /var/www/html/yii/framework/web/CController.php(785): CController->renderPartial('index', Array, true)
#20 /var/www/html/blog/protected/controllers/CommentController.php(134): CController->render('index', Array)
#21 /var/www/html/yii/framework/web/actions/CInlineAction.php(49): CommentController->actionIndex()
#22 /var/www/html/yii/framework/web/CController.php(308): CInlineAction->runWithParams(Array)
#23 /var/www/html/yii/framework/web/filters/CFilterChain.php(134): CController->runAction(Object(CInlineAction))
#24 /var/www/html/yii/framework/web/filters/CFilter.php(40): CFilterChain->run()
#25 /var/www/html/yii/framework/web/CController.php(1148): CFilter->filter(Object(CFilterChain))
#26 /var/www/html/yii/framework/web/filters/CInlineFilter.php(58): CController->filterAccessControl(Object(CFilterChain))
#27 /var/www/html/yii/framework/web/filters/CFilterChain.php(131): CInlineFilter->filter(Object(CFilterChain))
#28 /var/www/html/yii/framework/web/CController.php(291): CFilterChain->run()
#29 /var/www/html/yii/framework/web/CController.php(265): CController->runActionWithFilters(Object(CInlineAction), Array)
#30 /var/www/html/yii/framework/web/CWebApplication.php(282): CController->run('')
#31 /var/www/html/yii/framework/web/CWebApplication.php(141): CWebApplication->runController('comment')
#32 /var/www/html/yii/framework/base/CApplication.php(185): CWebApplication->processRequest()
#33 /var/www/html/blog/index.php(13): CApplication->run()
#34 {main}
REQUEST_URI=/blog/index.php?r=comment
---
2018/05/18 12:15:52 [error] [exception.CDbException] CDbException: CDbConnection failed to open the DB connection: SQLSTATE[HY000] [1045] Access denied for user 'root'@'localhost' (using password: NO) in /var/www/html/yii/framework/db/CDbConnection.php:399
Stack trace:
#0 /var/www/html/yii/framework/db/CDbConnection.php(347): CDbConnection->open()
#1 /var/www/html/yii/framework/db/CDbConnection.php(325): CDbConnection->setActive(true)
#2 /var/www/html/yii/framework/base/CModule.php(394): CDbConnection->init()
#3 /var/www/html/yii/framework/base/CApplication.php(459): CModule->getComponent('db')
#4 /var/www/html/yii/framework/db/ar/CActiveRecord.php(639): CApplication->getDb()
#5 /var/www/html/yii/framework/db/ar/CActiveRecord.php(672): CActiveRecord->getDbConnection()
#6 /var/www/html/yii/framework/db/ar/CActiveRecord.php(1604): CActiveRecord->getCommandBuilder()
#7 /var/www/html/yii/framework/web/CActiveDataProvider.php(228): CActiveRecord->count(Object(CDbCriteria))
#8 /var/www/html/yii/framework/web/CDataProvider.php(224): CActiveDataProvider->calculateTotalItemCount()
#9 /var/www/html/yii/framework/web/CActiveDataProvider.php(178): CDataProvider->getTotalItemCount()
#10 /var/www/html/yii/framework/web/CDataProvider.php(168): CActiveDataProvider->fetchData()
#11 /var/www/html/yii/framework/zii/widgets/CBaseListView.php(125): CDataProvider->getData()
#12 /var/www/html/yii/framework/zii/widgets/CListView.php(211): CBaseListView->init()
#13 /var/www/html/yii/framework/web/CBaseController.php(147): CListView->init()
#14 /var/www/html/yii/framework/web/CBaseController.php(181): CBaseController->createWidget('zii.widgets.CLi...', Array)
#15 /var/www/html/blog/protected/views/comment/index.php(16): CBaseController->widget('zii.widgets.CLi...', Array)
#16 /var/www/html/yii/framework/web/CBaseController.php(126): require('/var/www/html/b...')
#17 /var/www/html/yii/framework/web/CBaseController.php(95): CBaseController->renderInternal('/var/www/html/b...', Array, true)
#18 /var/www/html/yii/framework/web/CController.php(872): CBaseController->renderFile('/var/www/html/b...', Array, true)
#19 /var/www/html/yii/framework/web/CController.php(785): CController->renderPartial('index', Array, true)
#20 /var/www/html/blog/protected/controllers/CommentController.php(134): CController->render('index', Array)
#21 /var/www/html/yii/framework/web/actions/CInlineAction.php(49): CommentController->actionIndex()
#22 /var/www/html/yii/framework/web/CController.php(308): CInlineAction->runWithParams(Array)
#23 /var/www/html/yii/framework/web/filters/CFilterChain.php(134): CController->runAction(Object(CInlineAction))
#24 /var/www/html/yii/framework/web/filters/CFilter.php(40): CFilterChain->run()
#25 /var/www/html/yii/framework/web/CController.php(1148): CFilter->filter(Object(CFilterChain))
#26 /var/www/html/yii/framework/web/filters/CInlineFilter.php(58): CController->filterAccessControl(Object(CFilterChain))
#27 /var/www/html/yii/framework/web/filters/CFilterChain.php(131): CInlineFilter->filter(Object(CFilterChain))
#28 /var/www/html/yii/framework/web/CController.php(291): CFilterChain->run()
#29 /var/www/html/yii/framework/web/CController.php(265): CController->runActionWithFilters(Object(CInlineAction), Array)
#30 /var/www/html/yii/framework/web/CWebApplication.php(282): CController->run('')
#31 /var/www/html/yii/framework/web/CWebApplication.php(141): CWebApplication->runController('comment')
#32 /var/www/html/yii/framework/base/CApplication.php(185): CWebApplication->processRequest()
#33 /var/www/html/blog/index.php(13): CApplication->run()
#34 {main}
REQUEST_URI=/blog/index.php?r=comment
---
2018/05/18 12:23:39 [error] [exception.CDbException] CDbException: CDbConnection failed to open the DB connection: SQLSTATE[HY000] [2002] No such file or directory in /var/www/html/yii/framework/db/CDbConnection.php:399
Stack trace:
#0 /var/www/html/yii/framework/db/CDbConnection.php(347): CDbConnection->open()
#1 /var/www/html/yii/framework/db/CDbConnection.php(325): CDbConnection->setActive(true)
#2 /var/www/html/yii/framework/base/CModule.php(394): CDbConnection->init()
#3 /var/www/html/yii/framework/base/CApplication.php(459): CModule->getComponent('db')
#4 /var/www/html/yii/framework/db/ar/CActiveRecord.php(639): CApplication->getDb()
#5 /var/www/html/yii/framework/db/ar/CActiveRecord.php(672): CActiveRecord->getDbConnection()
#6 /var/www/html/yii/framework/db/ar/CActiveRecord.php(1604): CActiveRecord->getCommandBuilder()
#7 /var/www/html/yii/framework/web/CActiveDataProvider.php(228): CActiveRecord->count(Object(CDbCriteria))
#8 /var/www/html/yii/framework/web/CDataProvider.php(224): CActiveDataProvider->calculateTotalItemCount()
#9 /var/www/html/yii/framework/web/CActiveDataProvider.php(178): CDataProvider->getTotalItemCount()
#10 /var/www/html/yii/framework/web/CDataProvider.php(168): CActiveDataProvider->fetchData()
#11 /var/www/html/yii/framework/zii/widgets/CBaseListView.php(125): CDataProvider->getData()
#12 /var/www/html/yii/framework/zii/widgets/CListView.php(211): CBaseListView->init()
#13 /var/www/html/yii/framework/web/CBaseController.php(147): CListView->init()
#14 /var/www/html/yii/framework/web/CBaseController.php(181): CBaseController->createWidget('zii.widgets.CLi...', Array)
#15 /var/www/html/blog/protected/views/post/index.php(16): CBaseController->widget('zii.widgets.CLi...', Array)
#16 /var/www/html/yii/framework/web/CBaseController.php(126): require('/var/www/html/b...')
#17 /var/www/html/yii/framework/web/CBaseController.php(95): CBaseController->renderInternal('/var/www/html/b...', Array, true)
#18 /var/www/html/yii/framework/web/CController.php(872): CBaseController->renderFile('/var/www/html/b...', Array, true)
#19 /var/www/html/yii/framework/web/CController.php(785): CController->renderPartial('index', Array, true)
#20 /var/www/html/blog/protected/controllers/PostController.php(134): CController->render('index', Array)
#21 /var/www/html/yii/framework/web/actions/CInlineAction.php(49): PostController->actionIndex()
#22 /var/www/html/yii/framework/web/CController.php(308): CInlineAction->runWithParams(Array)
#23 /var/www/html/yii/framework/web/filters/CFilterChain.php(134): CController->runAction(Object(CInlineAction))
#24 /var/www/html/yii/framework/web/filters/CFilter.php(40): CFilterChain->run()
#25 /var/www/html/yii/framework/web/CController.php(1148): CFilter->filter(Object(CFilterChain))
#26 /var/www/html/yii/framework/web/filters/CInlineFilter.php(58): CController->filterAccessControl(Object(CFilterChain))
#27 /var/www/html/yii/framework/web/filters/CFilterChain.php(131): CInlineFilter->filter(Object(CFilterChain))
#28 /var/www/html/yii/framework/web/CController.php(291): CFilterChain->run()
#29 /var/www/html/yii/framework/web/CController.php(265): CController->runActionWithFilters(Object(CInlineAction), Array)
#30 /var/www/html/yii/framework/web/CWebApplication.php(282): CController->run('')
#31 /var/www/html/yii/framework/web/CWebApplication.php(141): CWebApplication->runController('post')
#32 /var/www/html/yii/framework/base/CApplication.php(185): CWebApplication->processRequest()
#33 /var/www/html/blog/index.php(13): CApplication->run()
#34 {main}
REQUEST_URI=/blog/index.php?r=post
---
2018/05/18 12:24:56 [error] [exception.CDbException] CDbException: CDbConnection failed to open the DB connection: SQLSTATE[HY000] [1045] Access denied for user 'root'@'localhost' (using password: NO) in /var/www/html/yii/framework/db/CDbConnection.php:399
Stack trace:
#0 /var/www/html/yii/framework/db/CDbConnection.php(347): CDbConnection->open()
#1 /var/www/html/yii/framework/db/CDbConnection.php(325): CDbConnection->setActive(true)
#2 /var/www/html/yii/framework/base/CModule.php(394): CDbConnection->init()
#3 /var/www/html/yii/framework/base/CApplication.php(459): CModule->getComponent('db')
#4 /var/www/html/yii/framework/db/ar/CActiveRecord.php(639): CApplication->getDb()
#5 /var/www/html/yii/framework/db/ar/CActiveRecord.php(672): CActiveRecord->getDbConnection()
#6 /var/www/html/yii/framework/db/ar/CActiveRecord.php(1604): CActiveRecord->getCommandBuilder()
#7 /var/www/html/yii/framework/web/CActiveDataProvider.php(228): CActiveRecord->count(Object(CDbCriteria))
#8 /var/www/html/yii/framework/web/CDataProvider.php(224): CActiveDataProvider->calculateTotalItemCount()
#9 /var/www/html/yii/framework/web/CActiveDataProvider.php(178): CDataProvider->getTotalItemCount()
#10 /var/www/html/yii/framework/web/CDataProvider.php(168): CActiveDataProvider->fetchData()
#11 /var/www/html/yii/framework/zii/widgets/CBaseListView.php(125): CDataProvider->getData()
#12 /var/www/html/yii/framework/zii/widgets/CListView.php(211): CBaseListView->init()
#13 /var/www/html/yii/framework/web/CBaseController.php(147): CListView->init()
#14 /var/www/html/yii/framework/web/CBaseController.php(181): CBaseController->createWidget('zii.widgets.CLi...', Array)
#15 /var/www/html/blog/protected/views/post/index.php(16): CBaseController->widget('zii.widgets.CLi...', Array)
#16 /var/www/html/yii/framework/web/CBaseController.php(126): require('/var/www/html/b...')
#17 /var/www/html/yii/framework/web/CBaseController.php(95): CBaseController->renderInternal('/var/www/html/b...', Array, true)
#18 /var/www/html/yii/framework/web/CController.php(872): CBaseController->renderFile('/var/www/html/b...', Array, true)
#19 /var/www/html/yii/framework/web/CController.php(785): CController->renderPartial('index', Array, true)
#20 /var/www/html/blog/protected/controllers/PostController.php(134): CController->render('index', Array)
#21 /var/www/html/yii/framework/web/actions/CInlineAction.php(49): PostController->actionIndex()
#22 /var/www/html/yii/framework/web/CController.php(308): CInlineAction->runWithParams(Array)
#23 /var/www/html/yii/framework/web/filters/CFilterChain.php(134): CController->runAction(Object(CInlineAction))
#24 /var/www/html/yii/framework/web/filters/CFilter.php(40): CFilterChain->run()
#25 /var/www/html/yii/framework/web/CController.php(1148): CFilter->filter(Object(CFilterChain))
#26 /var/www/html/yii/framework/web/filters/CInlineFilter.php(58): CController->filterAccessControl(Object(CFilterChain))
#27 /var/www/html/yii/framework/web/filters/CFilterChain.php(131): CInlineFilter->filter(Object(CFilterChain))
#28 /var/www/html/yii/framework/web/CController.php(291): CFilterChain->run()
#29 /var/www/html/yii/framework/web/CController.php(265): CController->runActionWithFilters(Object(CInlineAction), Array)
#30 /var/www/html/yii/framework/web/CWebApplication.php(282): CController->run('')
#31 /var/www/html/yii/framework/web/CWebApplication.php(141): CWebApplication->runController('post')
#32 /var/www/html/yii/framework/base/CApplication.php(185): CWebApplication->processRequest()
#33 /var/www/html/blog/index.php(13): CApplication->run()
#34 {main}
REQUEST_URI=/blog/index.php?r=post
---
2018/05/18 13:27:44 [error] [exception.CException] CException: Property "User.salt" is not defined. in /var/www/html/yii/framework/base/CComponent.php:130
Stack trace:
#0 /var/www/html/yii/framework/db/ar/CActiveRecord.php(145): CComponent->__get('salt')
#1 /var/www/html/blog/protected/models/User.php(110): CActiveRecord->__get('salt')
#2 /var/www/html/blog/protected/components/UserIdentity.php(27): User->validatePassword('demo')
#3 /var/www/html/blog/protected/models/LoginForm.php(54): UserIdentity->authenticate()
#4 /var/www/html/yii/framework/validators/CInlineValidator.php(42): LoginForm->authenticate('password', Array)
#5 /var/www/html/yii/framework/validators/CValidator.php(201): CInlineValidator->validateAttribute(Object(LoginForm), 'password')
#6 /var/www/html/yii/framework/base/CModel.php(159): CValidator->validate(Object(LoginForm), Array)
#7 /var/www/html/blog/protected/controllers/SiteController.php(94): CModel->validate()
#8 /var/www/html/yii/framework/web/actions/CInlineAction.php(49): SiteController->actionLogin()
#9 /var/www/html/yii/framework/web/CController.php(308): CInlineAction->runWithParams(Array)
#10 /var/www/html/yii/framework/web/CController.php(286): CController->runAction(Object(CInlineAction))
#11 /var/www/html/yii/framework/web/CController.php(265): CController->runActionWithFilters(Object(CInlineAction), Array)
#12 /var/www/html/yii/framework/web/CWebApplication.php(282): CController->run('login')
#13 /var/www/html/yii/framework/web/CWebApplication.php(141): CWebApplication->runController('site/login')
#14 /var/www/html/yii/framework/base/CApplication.php(185): CWebApplication->processRequest()
#15 /var/www/html/blog/index.php(13): CApplication->run()
#16 {main}
REQUEST_URI=/blog/index.php?r=site/login
HTTP_REFERER=http://localhost/blog/index.php?r=site/login
---
2018/05/18 13:36:27 [error] [exception.CException] CException: Property "CRegularExpressionValidator.messages" is not defined. in /var/www/html/yii/framework/base/CComponent.php:173
Stack trace:
#0 /var/www/html/yii/framework/validators/CValidator.php(177): CComponent->__set('messages', 'Tags can only c...')
#1 /var/www/html/yii/framework/base/CModel.php(287): CValidator::createValidator('messages', Object(Post), Array, Array)
#2 /var/www/html/yii/framework/base/CModel.php(260): CModel->createValidators()
#3 /var/www/html/yii/framework/base/CModel.php(304): CModel->getValidators('title')
#4 /var/www/html/yii/framework/web/helpers/CHtml.php(1520): CModel->isAttributeRequired('title')
#5 /var/www/html/yii/framework/web/widgets/CActiveForm.php(600): CHtml::activeLabelEx(Object(Post), 'title', Array)
#6 /var/www/html/blog/protected/views/post/_form.php(13): CActiveForm->labelEx(Object(Post), 'title')
#7 /var/www/html/yii/framework/web/CBaseController.php(126): require('/var/www/html/b...')
#8 /var/www/html/yii/framework/web/CBaseController.php(95): CBaseController->renderInternal('/var/www/html/b...', Array, true)
#9 /var/www/html/yii/framework/web/CController.php(872): CBaseController->renderFile('/var/www/html/b...', Array, true)
#10 /var/www/html/blog/protected/views/post/create.php(15): CController->renderPartial('_form', Array)
#11 /var/www/html/yii/framework/web/CBaseController.php(126): require('/var/www/html/b...')
#12 /var/www/html/yii/framework/web/CBaseController.php(95): CBaseController->renderInternal('/var/www/html/b...', Array, true)
#13 /var/www/html/yii/framework/web/CController.php(872): CBaseController->renderFile('/var/www/html/b...', Array, true)
#14 /var/www/html/yii/framework/web/CController.php(785): CController->renderPartial('create', Array, true)
#15 /var/www/html/blog/protected/controllers/PostController.php(81): CController->render('create', Array)
#16 /var/www/html/yii/framework/web/actions/CInlineAction.php(49): PostController->actionCreate()
#17 /var/www/html/yii/framework/web/CController.php(308): CInlineAction->runWithParams(Array)
#18 /var/www/html/yii/framework/web/filters/CFilterChain.php(134): CController->runAction(Object(CInlineAction))
#19 /var/www/html/yii/framework/web/filters/CFilter.php(40): CFilterChain->run()
#20 /var/www/html/yii/framework/web/CController.php(1148): CFilter->filter(Object(CFilterChain))
#21 /var/www/html/yii/framework/web/filters/CInlineFilter.php(58): CController->filterAccessControl(Object(CFilterChain))
#22 /var/www/html/yii/framework/web/filters/CFilterChain.php(131): CInlineFilter->filter(Object(CFilterChain))
#23 /var/www/html/yii/framework/web/CController.php(291): CFilterChain->run()
#24 /var/www/html/yii/framework/web/CController.php(265): CController->runActionWithFilters(Object(CInlineAction), Array)
#25 /var/www/html/yii/framework/web/CWebApplication.php(282): CController->run('create')
#26 /var/www/html/yii/framework/web/CWebApplication.php(141): CWebApplication->runController('post/create')
#27 /var/www/html/yii/framework/base/CApplication.php(185): CWebApplication->processRequest()
#28 /var/www/html/blog/index.php(13): CApplication->run()
#29 {main}
REQUEST_URI=/blog/index.php?r=post/create
HTTP_REFERER=http://localhost/blog/index.php?r=site/login
---
2018/05/18 13:37:09 [error] [exception.Error] Error: Call to undefined method Tag::array2string() in /var/www/html/blog/protected/models/Post.php:49
Stack trace:
#0 /var/www/html/yii/framework/validators/CInlineValidator.php(42): Post->normalizeTags('tags', Array)
#1 /var/www/html/yii/framework/validators/CValidator.php(201): CInlineValidator->validateAttribute(Object(Post), 'tags')
#2 /var/www/html/yii/framework/base/CModel.php(159): CValidator->validate(Object(Post), Array)
#3 /var/www/html/yii/framework/db/ar/CActiveRecord.php(810): CModel->validate(NULL)
#4 /var/www/html/blog/protected/controllers/PostController.php(76): CActiveRecord->save()
#5 /var/www/html/yii/framework/web/actions/CInlineAction.php(49): PostController->actionCreate()
#6 /var/www/html/yii/framework/web/CController.php(308): CInlineAction->runWithParams(Array)
#7 /var/www/html/yii/framework/web/filters/CFilterChain.php(134): CController->runAction(Object(CInlineAction))
#8 /var/www/html/yii/framework/web/filters/CFilter.php(40): CFilterChain->run()
#9 /var/www/html/yii/framework/web/CController.php(1148): CFilter->filter(Object(CFilterChain))
#10 /var/www/html/yii/framework/web/filters/CInlineFilter.php(58): CController->filterAccessControl(Object(CFilterChain))
#11 /var/www/html/yii/framework/web/filters/CFilterChain.php(131): CInlineFilter->filter(Object(CFilterChain))
#12 /var/www/html/yii/framework/web/CController.php(291): CFilterChain->run()
#13 /var/www/html/yii/framework/web/CController.php(265): CController->runActionWithFilters(Object(CInlineAction), Array)
#14 /var/www/html/yii/framework/web/CWebApplication.php(282): CController->run('create')
#15 /var/www/html/yii/framework/web/CWebApplication.php(141): CWebApplication->runController('post/create')
#16 /var/www/html/yii/framework/base/CApplication.php(185): CWebApplication->processRequest()
#17 /var/www/html/blog/index.php(13): CApplication->run()
#18 {main}
REQUEST_URI=/blog/index.php?r=post/create
HTTP_REFERER=http://localhost/blog/index.php?r=post/create
---
2018/05/18 13:39:42 [error] [system.db.CDbCommand] CDbCommand::execute() failed: SQLSTATE[23000]: Integrity constraint violation: 1452 Cannot add or update a child row: a foreign key constraint fails (`blog`.`tbl_post`, CONSTRAINT `FK_post_author` FOREIGN KEY (`author_id`) REFERENCES `tbl_user` (`id`) ON DELETE CASCADE). The SQL statement executed was: INSERT INTO `tbl_post` (`title`, `content`, `tags`, `status`, `create_time`, `update_time`, `author_id`) VALUES (:yp0, :yp1, :yp2, :yp3, :yp4, :yp5, :yp6).
in /var/www/html/blog/protected/controllers/PostController.php (76)
in /var/www/html/blog/index.php (13)
2018/05/18 13:39:42 [error] [exception.CDbException] CDbException: CDbCommand failed to execute the SQL statement: SQLSTATE[23000]: Integrity constraint violation: 1452 Cannot add or update a child row: a foreign key constraint fails (`blog`.`tbl_post`, CONSTRAINT `FK_post_author` FOREIGN KEY (`author_id`) REFERENCES `tbl_user` (`id`) ON DELETE CASCADE). The SQL statement executed was: INSERT INTO `tbl_post` (`title`, `content`, `tags`, `status`, `create_time`, `update_time`, `author_id`) VALUES (:yp0, :yp1, :yp2, :yp3, :yp4, :yp5, :yp6) in /var/www/html/yii/framework/db/CDbCommand.php:358
Stack trace:
#0 /var/www/html/yii/framework/db/ar/CActiveRecord.php(1083): CDbCommand->execute()
#1 /var/www/html/yii/framework/db/ar/CActiveRecord.php(811): CActiveRecord->insert(NULL)
#2 /var/www/html/blog/protected/controllers/PostController.php(76): CActiveRecord->save()
#3 /var/www/html/yii/framework/web/actions/CInlineAction.php(49): PostController->actionCreate()
#4 /var/www/html/yii/framework/web/CController.php(308): CInlineAction->runWithParams(Array)
#5 /var/www/html/yii/framework/web/filters/CFilterChain.php(134): CController->runAction(Object(CInlineAction))
#6 /var/www/html/yii/framework/web/filters/CFilter.php(40): CFilterChain->run()
#7 /var/www/html/yii/framework/web/CController.php(1148): CFilter->filter(Object(CFilterChain))
#8 /var/www/html/yii/framework/web/filters/CInlineFilter.php(58): CController->filterAccessControl(Object(CFilterChain))
#9 /var/www/html/yii/framework/web/filters/CFilterChain.php(131): CInlineFilter->filter(Object(CFilterChain))
#10 /var/www/html/yii/framework/web/CController.php(291): CFilterChain->run()
#11 /var/www/html/yii/framework/web/CController.php(265): CController->runActionWithFilters(Object(CInlineAction), Array)
#12 /var/www/html/yii/framework/web/CWebApplication.php(282): CController->run('create')
#13 /var/www/html/yii/framework/web/CWebApplication.php(141): CWebApplication->runController('post/create')
#14 /var/www/html/yii/framework/base/CApplication.php(185): CWebApplication->processRequest()
#15 /var/www/html/blog/index.php(13): CApplication->run()
#16 {main}
REQUEST_URI=/blog/index.php?r=post/create
HTTP_REFERER=http://localhost/blog/index.php?r=post/create
---
